  utils.cpp
c:\users\u93032\desktop\tje_framework_2016\src\utils.cpp(32): warning C4244: 'inicializando': conversión de 'double' a 'float'; posible pérdida de datos
c:\users\u93032\desktop\tje_framework_2016\src\utils.cpp(177): warning C4244: 'argumento': conversión de 'int' a 'float'; posible pérdida de datos
  texture.cpp
c:\users\u93032\desktop\tje_framework_2016\src\texture.cpp(69): warning C4244: '=': conversión de 'GLuint' a 'float'; posible pérdida de datos
c:\users\u93032\desktop\tje_framework_2016\src\texture.cpp(70): warning C4244: '=': conversión de 'GLuint' a 'float'; posible pérdida de datos
c:\users\u93032\desktop\tje_framework_2016\src\texture.cpp(116): warning C4996: 'fopen': This function or variable may be unsafe. Consider using fopen_s instead. To disable deprecation, use _CRT_SECURE_NO_WARNINGS. See online help for details.
  c:\program files (x86)\windows kits\10\include\10.0.10240.0\ucrt\stdio.h(205): note: vea la declaración de 'fopen'
  shader.cpp
c:\users\u93032\desktop\tje_framework_2016\src\shader.cpp(133): warning C4996: 'fopen': This function or variable may be unsafe. Consider using fopen_s instead. To disable deprecation, use _CRT_SECURE_NO_WARNINGS. See online help for details.
  c:\program files (x86)\windows kits\10\include\10.0.10240.0\ucrt\stdio.h(205): note: vea la declaración de 'fopen'
  rendertotexture.cpp
c:\users\u93032\desktop\tje_framework_2016\src\rendertotexture.cpp(68): warning C4244: '=': conversión de 'int' a 'float'; posible pérdida de datos
c:\users\u93032\desktop\tje_framework_2016\src\rendertotexture.cpp(69): warning C4244: '=': conversión de 'int' a 'float'; posible pérdida de datos
c:\users\u93032\desktop\tje_framework_2016\src\rendertotexture.cpp(108): warning C4244: 'argumento': conversión de 'float' a 'GLsizei'; posible pérdida de datos
  mesh.cpp
  main.cpp
c:\users\u93032\desktop\tje_framework_2016\src\main.cpp(81): warning C4244: 'argumento': conversión de 'int' a 'float'; posible pérdida de datos
c:\users\u93032\desktop\tje_framework_2016\src\main.cpp(118): warning C4244: 'argumento': conversión de 'int' a 'float'; posible pérdida de datos
c:\users\u93032\desktop\tje_framework_2016\src\main.cpp(125): warning C4244: '=': conversión de 'double' a 'float'; posible pérdida de datos
c:\users\u93032\desktop\tje_framework_2016\src\main.cpp(151): warning C4800: 'float': forzando el valor a bool 'true' o 'false' (advertencia de rendimiento)
c:\users\u93032\desktop\tje_framework_2016\src\main.cpp(151): warning C4244: 'argumento': conversión de 'float' a 'int'; posible pérdida de datos
  game.cpp
c:\users\u93032\desktop\tje_framework_2016\src\game.cpp(48): warning C4305: 'argumento': truncamiento de 'double' a 'float'
c:\users\u93032\desktop\tje_framework_2016\src\game.cpp(86): warning C4244: 'argumento': conversión de 'double' a 'float'; posible pérdida de datos
c:\users\u93032\desktop\tje_framework_2016\src\game.cpp(121): warning C4244: 'argumento': conversión de 'double' a 'float'; posible pérdida de datos
c:\users\u93032\desktop\tje_framework_2016\src\game.cpp(122): warning C4244: 'argumento': conversión de 'double' a 'float'; posible pérdida de datos
c:\users\u93032\desktop\tje_framework_2016\src\game.cpp(127): warning C4244: 'argumento': conversión de 'double' a 'float'; posible pérdida de datos
c:\users\u93032\desktop\tje_framework_2016\src\game.cpp(128): warning C4244: 'argumento': conversión de 'double' a 'float'; posible pérdida de datos
c:\users\u93032\desktop\tje_framework_2016\src\game.cpp(129): warning C4244: 'argumento': conversión de 'double' a 'float'; posible pérdida de datos
c:\users\u93032\desktop\tje_framework_2016\src\game.cpp(130): warning C4244: 'argumento': conversión de 'double' a 'float'; posible pérdida de datos
c:\users\u93032\desktop\tje_framework_2016\src\game.cpp(135): warning C4244: 'inicializando': conversión de 'double' a 'int'; posible pérdida de datos
c:\users\u93032\desktop\tje_framework_2016\src\game.cpp(136): warning C4244: 'inicializando': conversión de 'double' a 'int'; posible pérdida de datos
c:\users\u93032\desktop\tje_framework_2016\src\game.cpp(141): warning C4244: '=': conversión de 'int' a 'float'; posible pérdida de datos
c:\users\u93032\desktop\tje_framework_2016\src\game.cpp(142): warning C4244: '=': conversión de 'int' a 'float'; posible pérdida de datos
c:\users\u93032\desktop\tje_framework_2016\src\game.cpp(146): warning C4244: '+=': conversión de 'double' a 'float'; posible pérdida de datos
  framework.cpp
c:\users\u93032\desktop\tje_framework_2016\src\framework.cpp(535): warning C4244: 'inicializando': conversión de 'double' a 'float'; posible pérdida de datos
  textparser.cpp
c:\users\u93032\desktop\tje_framework_2016\src\extra\textparser.cpp(23): warning C4996: 'fopen': This function or variable may be unsafe. Consider using fopen_s instead. To disable deprecation, use _CRT_SECURE_NO_WARNINGS. See online help for details.
  c:\program files (x86)\windows kits\10\include\10.0.10240.0\ucrt\stdio.h(205): note: vea la declaración de 'fopen'
c:\users\u93032\desktop\tje_framework_2016\src\extra\textparser.cpp(43): warning C4996: 'fopen': This function or variable may be unsafe. Consider using fopen_s instead. To disable deprecation, use _CRT_SECURE_NO_WARNINGS. See online help for details.
  c:\program files (x86)\windows kits\10\include\10.0.10240.0\ucrt\stdio.h(205): note: vea la declaración de 'fopen'
c:\users\u93032\desktop\tje_framework_2016\src\extra\textparser.cpp(47): warning C4996: 'sprintf': This function or variable may be unsafe. Consider using sprintf_s instead. To disable deprecation, use _CRT_SECURE_NO_WARNINGS. See online help for details.
  c:\program files (x86)\windows kits\10\include\10.0.10240.0\ucrt\stdio.h(1769): note: vea la declaración de 'sprintf'
c:\users\u93032\desktop\tje_framework_2016\src\extra\textparser.cpp(72): warning C4018: '>=': no coinciden signed/unsigned
c:\users\u93032\desktop\tje_framework_2016\src\extra\textparser.cpp(74): warning C4018: '<': no coinciden signed/unsigned
c:\users\u93032\desktop\tje_framework_2016\src\extra\textparser.cpp(76): warning C4018: '>=': no coinciden signed/unsigned
c:\users\u93032\desktop\tje_framework_2016\src\extra\textparser.cpp(93): warning C4996: 'strcpy': This function or variable may be unsafe. Consider using strcpy_s instead. To disable deprecation, use _CRT_SECURE_NO_WARNINGS. See online help for details.
  c:\program files (x86)\windows kits\10\include\10.0.10240.0\ucrt\string.h(119): note: vea la declaración de 'strcpy'
  camera.cpp
  Generando código...
camera.obj : warning LNK4075: se omite '/EDITANDCONTINUE' debido a la especificación '/OPT:LBR'
LINK : warning LNK4098: la biblioteca predeterminada'LIBCMT' entra en conflicto con otras bibliotecas; use la biblioteca /NODEFAULTLIB:biblioteca
glew32s.lib(glew.obj) : warning LNK4099: no se encontró PDB 'vc120.pdb' con 'glew32s.lib(glew.obj)' o en 'C:\Users\u93032\Desktop\TJE_framework_2016\vc120.pdb'; se vinculará el objeto sin tener en cuenta información de depuración
  visualstudio.vcxproj -> C:\Users\u93032\Desktop\TJE_framework_2016\visualstudio15\VS2015\..\..\visualstudio_debug.exe
