  game.cpp
c:\users\davy\documents\github\juegoselectronicos\practica2\src\game.cpp(59): warning C4305: 'argumento': truncamiento de 'double' a 'float'
c:\users\davy\documents\github\juegoselectronicos\practica2\src\game.cpp(114): warning C4244: 'argumento': conversión de 'double' a 'float'; posible pérdida de datos
c:\users\davy\documents\github\juegoselectronicos\practica2\src\game.cpp(122): warning C4244: 'argumento': conversión de 'int' a 'float'; posible pérdida de datos
c:\users\davy\documents\github\juegoselectronicos\practica2\src\game.cpp(125): warning C4244: 'argumento': conversión de 'int' a 'float'; posible pérdida de datos
c:\users\davy\documents\github\juegoselectronicos\practica2\src\game.cpp(130): warning C4244: 'argumento': conversión de 'int' a 'float'; posible pérdida de datos
c:\users\davy\documents\github\juegoselectronicos\practica2\src\game.cpp(149): warning C4244: 'argumento': conversión de 'int' a 'float'; posible pérdida de datos
c:\users\davy\documents\github\juegoselectronicos\practica2\src\game.cpp(152): warning C4244: 'argumento': conversión de 'int' a 'float'; posible pérdida de datos
c:\users\davy\documents\github\juegoselectronicos\practica2\src\game.cpp(159): warning C4244: 'argumento': conversión de 'int' a 'float'; posible pérdida de datos
c:\users\davy\documents\github\juegoselectronicos\practica2\src\game.cpp(192): warning C4244: 'argumento': conversión de 'double' a 'float'; posible pérdida de datos
c:\users\davy\documents\github\juegoselectronicos\practica2\src\game.cpp(193): warning C4244: 'argumento': conversión de 'double' a 'float'; posible pérdida de datos
c:\users\davy\documents\github\juegoselectronicos\practica2\src\game.cpp(198): warning C4244: 'argumento': conversión de 'double' a 'float'; posible pérdida de datos
c:\users\davy\documents\github\juegoselectronicos\practica2\src\game.cpp(199): warning C4244: 'argumento': conversión de 'double' a 'float'; posible pérdida de datos
c:\users\davy\documents\github\juegoselectronicos\practica2\src\game.cpp(200): warning C4244: 'argumento': conversión de 'double' a 'float'; posible pérdida de datos
c:\users\davy\documents\github\juegoselectronicos\practica2\src\game.cpp(201): warning C4244: 'argumento': conversión de 'double' a 'float'; posible pérdida de datos
c:\users\davy\documents\github\juegoselectronicos\practica2\src\game.cpp(206): warning C4244: 'inicializando': conversión de 'double' a 'int'; posible pérdida de datos
c:\users\davy\documents\github\juegoselectronicos\practica2\src\game.cpp(207): warning C4244: 'inicializando': conversión de 'double' a 'int'; posible pérdida de datos
c:\users\davy\documents\github\juegoselectronicos\practica2\src\game.cpp(212): warning C4244: '=': conversión de 'int' a 'float'; posible pérdida de datos
c:\users\davy\documents\github\juegoselectronicos\practica2\src\game.cpp(213): warning C4244: '=': conversión de 'int' a 'float'; posible pérdida de datos
c:\users\davy\documents\github\juegoselectronicos\practica2\src\game.cpp(217): warning C4244: '+=': conversión de 'double' a 'float'; posible pérdida de datos
  entity.cpp
c:\users\davy\documents\github\juegoselectronicos\practica2\src\entity.cpp(17): warning C4018: '<': no coinciden signed/unsigned
c:\users\davy\documents\github\juegoselectronicos\practica2\src\entity.cpp(23): warning C4018: '<': no coinciden signed/unsigned
c:\users\davy\documents\github\juegoselectronicos\practica2\src\entity.cpp(62): error C2572: 'EntityMesh::setup': nueva definición de parámetro predeterminado: parámetro 1
  c:\users\davy\documents\github\juegoselectronicos\practica2\src\entity.h(65): note: vea la declaración de 'EntityMesh::setup'
  Generando código...
  Omitiendo... (no se detectaron cambios relevantes)
  scene.cpp
